<?xml version="1.0" encoding="UTF-8"?>
<testsuite name="com.fightclub.core.service.RegistrationServiceTest" tests="1" skipped="0" failures="0" errors="0" timestamp="2023-04-17T11:07:28" hostname="KOZLOVI" time="0.693">
  <properties/>
  <testcase name="test" classname="com.fightclub.core.service.RegistrationServiceTest" time="0.693"/>
  <system-out><![CDATA[]]></system-out>
  <system-err><![CDATA[]]></system-err>
</testsuite>
