<?xml version="1.0" encoding="UTF-8"?>
<testsuite name="com.fightclub.core.service.PasswordHashingServiceTest" tests="1" skipped="0" failures="0" errors="0" timestamp="2023-04-17T11:07:17" hostname="KOZLOVI" time="0.034">
  <properties/>
  <testcase name="shouldHashPassword" classname="com.fightclub.core.service.PasswordHashingServiceTest" time="0.034"/>
  <system-out><![CDATA[]]></system-out>
  <system-err><![CDATA[]]></system-err>
</testsuite>
